
 ****************************************INPUT****************************************

 atom      charge  coordinates

 Li  1     3.00    2.0000  1.0000  0.0000
 Li  2     3.00    1.0000  2.0000  0.0000
 Li  3     3.00    1.0000  1.0000  1.0000
 Li  4     3.00    2.0000  2.0000  1.0000

 *************************************END*OF*INPUT************************************

 calculating nuclear repulsion energy...   done
 setting up STO-6G basis             ...   done
 calculating one electron integrals  ...   done
 calculating two electron integrals  ...   done
 calculating transformation matrix   ...   done

 Beginning SCF-procedure:
 ************************

 iteration     total energy     electronic energy     change in energy
   1           -20.77713389          -58.96090007         -58.96090007
   2           -26.11702981          -64.30079600          -5.33989593
   3           -26.22941638          -64.41318257          -0.11238657
   4           -26.23140526          -64.41517144          -0.00198887
   5           -26.23168796          -64.41545415          -0.00028271
   6           -26.23185116          -64.41561735          -0.00016320
   7           -26.23199437          -64.41576056          -0.00014321
   8           -26.23212769          -64.41589387          -0.00013331
   9           -26.23225259          -64.41601877          -0.00012490
  10           -26.23236953          -64.41613571          -0.00011694
  11           -26.23247886          -64.41624504          -0.00010933
  12           -26.23258092          -64.41634710          -0.00010206
  13           -26.23267605          -64.41644224          -0.00009514
  14           -26.23276463          -64.41653082          -0.00008858
  15           -26.23284702          -64.41661320          -0.00008239
  16           -26.23292357          -64.41668976          -0.00007655
  17           -26.23299465          -64.41676083          -0.00007108
  18           -26.23306059          -64.41682677          -0.00006594
  19           -26.23312173          -64.41688791          -0.00006114
  20           -26.23317838          -64.41694457          -0.00005665
  21           -26.23323085          -64.41699704          -0.00005247
  22           -26.23327943          -64.41704561          -0.00004858
  23           -26.23332438          -64.41709056          -0.00004495
  24           -26.23336596          -64.41713215          -0.00004158
  25           -26.23340442          -64.41717060          -0.00003846
  26           -26.23343997          -64.41720616          -0.00003555
  27           -26.23347283          -64.41723902          -0.00003286
  28           -26.23350320          -64.41726939          -0.00003037
  29           -26.23353126          -64.41729744          -0.00002806
  30           -26.23355718          -64.41732336          -0.00002592
  31           -26.23358111          -64.41734730          -0.00002394
  32           -26.23360322          -64.41736941          -0.00002211
  33           -26.23362363          -64.41738982          -0.00002041
  34           -26.23364248          -64.41740866          -0.00001885
  35           -26.23365988          -64.41742606          -0.00001740
  36           -26.23367593          -64.41744212          -0.00001606
  37           -26.23369076          -64.41745694          -0.00001482
  38           -26.23370444          -64.41747062          -0.00001368
  39           -26.23371706          -64.41748324          -0.00001262
  40           -26.23372871          -64.41749489          -0.00001165
  41           -26.23373946          -64.41750564          -0.00001075
  42           -26.23374938          -64.41751556          -0.00000992
  43           -26.23375853          -64.41752471          -0.00000915
  44           -26.23376697          -64.41753315          -0.00000844
  45           -26.23377476          -64.41754094          -0.00000779
  46           -26.23378195          -64.41754813          -0.00000719
  47           -26.23378857          -64.41755476          -0.00000663
  48           -26.23379469          -64.41756087          -0.00000612
  49           -26.23380033          -64.41756652          -0.00000564
  50           -26.23380553          -64.41757172          -0.00000520
  51           -26.23381033          -64.41757652          -0.00000480

 Final single point energy:          -26.23381033  Hartree

 Components:
 Nuclear Repulsion:         38.18376618  Hartree
 Electronic Energy:        -64.41757652  Hartree

 Mullikan atomic population analysis:
 ************************************

 number of electrons entered:     12
 number of electrons found:       12.00000

 Atom     partial charge
 Li  1     0.01156
 Li  2    -0.00542
 Li  3    -0.00542
 Li  4    -0.00542

 *******************************************
 ********** Optimization step   1 **********
 *******************************************

 calculating gradient of atomic coordinates
 ...  1 of   4 gradients done
 ...  2 of   4 gradients done
 ...  3 of   4 gradients done
 ...  4 of   4 gradients done
   0 out of  12 coordinates converged

 calculating nuclear repulsion energy...   done
 calculating one electron integrals  ...   done
 calculating two electron integrals  ...   done
 calculating transformation matrix   ...   done

 Beginning SCF-procedure:
 ************************

 iteration     total energy     electronic energy     change in energy
   1           -27.97898468          -39.67893019         -39.67893019
   2           -29.43999066          -41.13993617          -1.46100598
   3           -29.51449331          -41.21443883          -0.07450265
   4           -29.51819392          -41.21813944          -0.00370061
   5           -29.51881753          -41.21876305          -0.00062361
   6           -29.51894463          -41.21889015          -0.00012710
   7           -29.51897332          -41.21891883          -0.00002868
   8           -29.51898021          -41.21892572          -0.00000689
   9           -29.51898195          -41.21892747          -0.00000174

 Final single point energy:          -29.51898195  Hartree

 Components:
 Nuclear Repulsion:         11.69994552  Hartree
 Electronic Energy:        -41.21892747  Hartree

 New structure:
 **************

   4
 FINAL SCF ENERGY =  -29.5189819505
 Li    6.3507557   1.0097581   0.0097139
 Li   -1.4700731   2.1201265  -0.1462404
 Li   -1.4310773  -0.5666389   1.1263354
 Li    2.1688973   2.0343680   1.0350373

 change in energy after optimization step:  -3.28517162 Hartree

 *******************************************
 ********** Optimization step   2 **********
 *******************************************

 calculating gradient of atomic coordinates
 ...  1 of   4 gradients done
 ...  2 of   4 gradients done
 ...  3 of   4 gradients done
 ...  4 of   4 gradients done
   0 out of  12 coordinates converged

 calculating nuclear repulsion energy...   done
 calculating one electron integrals  ...   done
 calculating two electron integrals  ...   done
 calculating transformation matrix   ...   done

 Beginning SCF-procedure:
 ************************

 iteration     total energy     electronic energy     change in energy
   1           -28.21304740          -38.95189227         -38.95189227
   2           -29.53781605          -40.27666093          -1.32476866
   3           -29.58580336          -40.32464824          -0.04798731
   4           -29.58908103          -40.32792590          -0.00327766
   5           -29.58965254          -40.32849741          -0.00057151
   6           -29.58977126          -40.32861614          -0.00011872
   7           -29.58979835          -40.32864322          -0.00002709
   8           -29.58980491          -40.32864978          -0.00000656
   9           -29.58980658          -40.32865146          -0.00000167

 Final single point energy:          -29.58980658  Hartree

 Components:
 Nuclear Repulsion:         10.73884488  Hartree
 Electronic Energy:        -40.32865146  Hartree

 New structure:
 **************

   4
 FINAL SCF ENERGY =  -29.5898065806
 Li    6.4054783   1.0062567  -0.0020557
 Li   -1.5770188   2.6738722  -0.3320665
 Li   -1.4757692  -0.7167878   1.1749472
 Li    2.3554575   2.0735518   1.0926601
