
 ****************************************INPUT****************************************

 atom      charge  coordinates

 Be  1     4.00    0.0000  0.0000  0.0000

 *************************************END*OF*INPUT************************************

 calculating nuclear repulsion energy...   done
 setting up STO-6G basis             ...   done
 calculating one electron integrals  ...   done
 calculating two electron integrals  ...   done
 calculating transformation matrix   ...   done

 Beginning SCF-procedure:
 ************************

 iteration     total energy     electronic energy     change in energy
   1           -13.71435990          -13.71435990         -13.71435990
   2           -14.55947513          -14.55947513          -0.84511523
   3           -14.56829634          -14.56829634          -0.00882121
   4           -14.56855682          -14.56855682          -0.00026048
   5           -14.56856748          -14.56856748          -0.00001066
   6           -14.56856804          -14.56856804          -0.00000056

 Final single point energy:          -14.56856804  Hartree

 Components:
 Nuclear Repulsion:          0.00000000  Hartree
 Electronic Energy:        -14.56856804  Hartree
         HF Energy:        -14.56856804  Hartree

 Mullikan atomic population analysis:
 ************************************

 number of electrons entered:      4
 number of electrons found:        4.00000

 Atom     partial charge
 Be  1     0.00000

 Electron density along specified path:
 **************************************

 distance from origin  electron density
              0.00000           0.04032
              0.00200           0.04058
              0.00400           0.04083
              0.00600           0.04109
              0.00800           0.04136
              0.01000           0.04163
              0.01200           0.04190
              0.01400           0.04218
              0.01600           0.04246
              0.01800           0.04275
              0.02000           0.04304
              0.02200           0.04334
              0.02400           0.04364
              0.02600           0.04395
              0.02800           0.04426
              0.03000           0.04457
              0.03200           0.04490
              0.03400           0.04522
              0.03600           0.04555
              0.03800           0.04589
              0.04000           0.04623
              0.04200           0.04658
              0.04400           0.04693
              0.04600           0.04729
              0.04800           0.04766
              0.05000           0.04803
              0.05200           0.04840
              0.05400           0.04879
              0.05600           0.04917
              0.05800           0.04957
              0.06000           0.04997
              0.06200           0.05038
              0.06400           0.05079
              0.06600           0.05121
              0.06800           0.05164
              0.07000           0.05207
              0.07200           0.05251
              0.07400           0.05296
              0.07600           0.05342
              0.07800           0.05388
              0.08000           0.05435
              0.08200           0.05483
              0.08400           0.05531
              0.08600           0.05581
              0.08800           0.05631
              0.09000           0.05682
              0.09200           0.05733
              0.09400           0.05786
              0.09600           0.05839
              0.09800           0.05893
              0.10000           0.05948
              0.10200           0.06004
              0.10400           0.06061
              0.10600           0.06119
              0.10800           0.06177
              0.11000           0.06237
              0.11200           0.06297
              0.11400           0.06359
              0.11600           0.06421
              0.11800           0.06485
              0.12000           0.06549
              0.12200           0.06615
              0.12400           0.06681
              0.12600           0.06749
              0.12800           0.06817
              0.13000           0.06887
              0.13200           0.06958
              0.13400           0.07030
              0.13600           0.07103
              0.13800           0.07177
              0.14000           0.07252
              0.14200           0.07329
              0.14400           0.07407
              0.14600           0.07486
              0.14800           0.07566
              0.15000           0.07647
              0.15200           0.07730
              0.15400           0.07814
              0.15600           0.07900
              0.15800           0.07986
              0.16000           0.08075
              0.16200           0.08164
              0.16400           0.08255
              0.16600           0.08347
              0.16800           0.08441
              0.17000           0.08536
              0.17200           0.08633
              0.17400           0.08731
              0.17600           0.08831
              0.17800           0.08932
              0.18000           0.09035
              0.18200           0.09140
              0.18400           0.09246
              0.18600           0.09354
              0.18800           0.09463
              0.19000           0.09574
              0.19200           0.09687
              0.19400           0.09802
              0.19600           0.09919
              0.19800           0.10037
              0.20000           0.10157
              0.20200           0.10279
              0.20400           0.10403
              0.20600           0.10529
              0.20800           0.10656
              0.21000           0.10786
              0.21200           0.10918
              0.21400           0.11052
              0.21600           0.11187
              0.21800           0.11325
              0.22000           0.11466
              0.22200           0.11608
              0.22400           0.11752
              0.22600           0.11899
              0.22800           0.12048
              0.23000           0.12199
              0.23200           0.12353
              0.23400           0.12508
              0.23600           0.12667
              0.23800           0.12828
              0.24000           0.12991
              0.24200           0.13156
              0.24400           0.13325
              0.24600           0.13496
              0.24800           0.13669
              0.25000           0.13845
              0.25200           0.14024
              0.25400           0.14206
              0.25600           0.14390
              0.25800           0.14577
              0.26000           0.14767
              0.26200           0.14960
              0.26400           0.15156
              0.26600           0.15355
              0.26800           0.15556
              0.27000           0.15761
              0.27200           0.15969
              0.27400           0.16181
              0.27600           0.16395
              0.27800           0.16613
              0.28000           0.16834
              0.28200           0.17058
              0.28400           0.17286
              0.28600           0.17517
              0.28800           0.17752
              0.29000           0.17990
              0.29200           0.18232
              0.29400           0.18478
              0.29600           0.18727
              0.29800           0.18980
              0.30000           0.19237
              0.30200           0.19497
              0.30400           0.19762
              0.30600           0.20031
              0.30800           0.20303
              0.31000           0.20580
              0.31200           0.20861
              0.31400           0.21146
              0.31600           0.21436
              0.31800           0.21730
              0.32000           0.22028
              0.32200           0.22331
              0.32400           0.22638
              0.32600           0.22950
              0.32800           0.23267
              0.33000           0.23588
              0.33200           0.23914
              0.33400           0.24246
              0.33600           0.24582
              0.33800           0.24923
              0.34000           0.25269
              0.34200           0.25620
              0.34400           0.25977
              0.34600           0.26339
              0.34800           0.26707
              0.35000           0.27079
              0.35200           0.27458
              0.35400           0.27842
              0.35600           0.28232
              0.35800           0.28628
              0.36000           0.29029
              0.36200           0.29437
              0.36400           0.29851
              0.36600           0.30271
              0.36800           0.30697
              0.37000           0.31129
              0.37200           0.31568
              0.37400           0.32014
              0.37600           0.32466
              0.37800           0.32925
              0.38000           0.33391
              0.38200           0.33864
              0.38400           0.34344
              0.38600           0.34831
              0.38800           0.35325
              0.39000           0.35826
              0.39200           0.36336
              0.39400           0.36852
              0.39600           0.37377
              0.39800           0.37909
              0.40000           0.38449
              0.40200           0.38997
              0.40400           0.39554
              0.40600           0.40119
              0.40800           0.40692
              0.41000           0.41273
              0.41200           0.41864
              0.41400           0.42463
              0.41600           0.43071
              0.41800           0.43688
              0.42000           0.44315
              0.42200           0.44951
              0.42400           0.45596
              0.42600           0.46251
              0.42800           0.46916
              0.43000           0.47591
              0.43200           0.48275
              0.43400           0.48971
              0.43600           0.49676
              0.43800           0.50392
              0.44000           0.51119
              0.44200           0.51857
              0.44400           0.52605
              0.44600           0.53365
              0.44800           0.54137
              0.45000           0.54920
              0.45200           0.55714
              0.45400           0.56521
              0.45600           0.57340
              0.45800           0.58171
              0.46000           0.59015
              0.46200           0.59871
              0.46400           0.60740
              0.46600           0.61622
              0.46800           0.62518
              0.47000           0.63427
              0.47200           0.64350
              0.47400           0.65286
              0.47600           0.66237
              0.47800           0.67202
              0.48000           0.68182
              0.48200           0.69177
              0.48400           0.70186
              0.48600           0.71211
              0.48800           0.72252
              0.49000           0.73308
              0.49200           0.74380
              0.49400           0.75468
              0.49600           0.76573
              0.49800           0.77695
              0.50000           0.78833
              0.50200           0.79989
              0.50400           0.81163
              0.50600           0.82354
              0.50800           0.83564
              0.51000           0.84792
              0.51200           0.86038
              0.51400           0.87304
              0.51600           0.88588
              0.51800           0.89893
              0.52000           0.91217
              0.52200           0.92561
              0.52400           0.93926
              0.52600           0.95312
              0.52800           0.96719
              0.53000           0.98147
              0.53200           0.99597
              0.53400           1.01069
              0.53600           1.02564
              0.53800           1.04082
              0.54000           1.05622
              0.54200           1.07187
              0.54400           1.08775
              0.54600           1.10387
              0.54800           1.12024
              0.55000           1.13686
              0.55200           1.15374
              0.55400           1.17087
              0.55600           1.18827
              0.55800           1.20593
              0.56000           1.22386
              0.56200           1.24206
              0.56400           1.26055
              0.56600           1.27931
              0.56800           1.29837
              0.57000           1.31771
              0.57200           1.33735
              0.57400           1.35729
              0.57600           1.37753
              0.57800           1.39809
              0.58000           1.41895
              0.58200           1.44014
              0.58400           1.46165
              0.58600           1.48349
              0.58800           1.50566
              0.59000           1.52816
              0.59200           1.55102
              0.59400           1.57421
              0.59600           1.59777
              0.59800           1.62168
              0.60000           1.64595
              0.60200           1.67060
              0.60400           1.69561
              0.60600           1.72101
              0.60800           1.74680
              0.61000           1.77297
              0.61200           1.79955
              0.61400           1.82652
              0.61600           1.85391
              0.61800           1.88171
              0.62000           1.90993
              0.62200           1.93857
              0.62400           1.96765
              0.62600           1.99718
              0.62800           2.02714
              0.63000           2.05756
              0.63200           2.08844
              0.63400           2.11979
              0.63600           2.15160
              0.63800           2.18390
              0.64000           2.21669
              0.64200           2.24996
              0.64400           2.28374
              0.64600           2.31803
              0.64800           2.35284
              0.65000           2.38817
              0.65200           2.42403
              0.65400           2.46043
              0.65600           2.49737
              0.65800           2.53488
              0.66000           2.57294
              0.66200           2.61159
              0.66400           2.65081
              0.66600           2.69062
              0.66800           2.73103
              0.67000           2.77205
              0.67200           2.81369
              0.67400           2.85595
              0.67600           2.89886
              0.67800           2.94241
              0.68000           2.98661
              0.68200           3.03149
              0.68400           3.07704
              0.68600           3.12328
              0.68800           3.17022
              0.69000           3.21788
              0.69200           3.26626
              0.69400           3.31537
              0.69600           3.36523
              0.69800           3.41585
              0.70000           3.46724
              0.70200           3.51941
              0.70400           3.57239
              0.70600           3.62617
              0.70800           3.68078
              0.71000           3.73624
              0.71200           3.79254
              0.71400           3.84972
              0.71600           3.90778
              0.71800           3.96674
              0.72000           4.02661
              0.72200           4.08742
              0.72400           4.14917
              0.72600           4.21189
              0.72800           4.27560
              0.73000           4.34030
              0.73200           4.40602
              0.73400           4.47278
              0.73600           4.54059
              0.73800           4.60948
              0.74000           4.67947
              0.74200           4.75056
              0.74400           4.82279
              0.74600           4.89618
              0.74800           4.97074
              0.75000           5.04650
              0.75200           5.12348
              0.75400           5.20170
              0.75600           5.28118
              0.75800           5.36195
              0.76000           5.44403
              0.76200           5.52744
              0.76400           5.61221
              0.76600           5.69836
              0.76800           5.78591
              0.77000           5.87489
              0.77200           5.96533
              0.77400           6.05724
              0.77600           6.15066
              0.77800           6.24560
              0.78000           6.34210
              0.78200           6.44018
              0.78400           6.53986
              0.78600           6.64117
              0.78800           6.74414
              0.79000           6.84879
              0.79200           6.95515
              0.79400           7.06324
              0.79600           7.17309
              0.79800           7.28472
              0.80000           7.39816
              0.80200           7.51344
              0.80400           7.63057
              0.80600           7.74959
              0.80800           7.87052
              0.81000           7.99338
              0.81200           8.11820
              0.81400           8.24499
              0.81600           8.37380
              0.81800           8.50463
              0.82000           8.63752
              0.82200           8.77249
              0.82400           8.90955
              0.82600           9.04874
              0.82800           9.19007
              0.83000           9.33357
              0.83200           9.47927
              0.83400           9.62719
              0.83600           9.77735
              0.83800           9.92978
              0.84000          10.08450
              0.84200          10.24154
              0.84400          10.40093
              0.84600          10.56269
              0.84800          10.72687
              0.85000          10.89348
              0.85200          11.06257
              0.85400          11.23418
              0.85600          11.40833
              0.85800          11.58507
              0.86000          11.76446
              0.86200          11.94653
              0.86400          12.13134
              0.86600          12.31895
              0.86800          12.50942
              0.87000          12.70282
              0.87200          12.89922
              0.87400          13.09869
              0.87600          13.30133
              0.87800          13.50721
              0.88000          13.71643
              0.88200          13.92910
              0.88400          14.14532
              0.88600          14.36521
              0.88800          14.58888
              0.89000          14.81646
              0.89200          15.04807
              0.89400          15.28385
              0.89600          15.52394
              0.89800          15.76847
              0.90000          16.01759
              0.90200          16.27144
              0.90400          16.53016
              0.90600          16.79388
              0.90800          17.06274
              0.91000          17.33687
              0.91200          17.61639
              0.91400          17.90142
              0.91600          18.19205
              0.91800          18.48838
              0.92000          18.79048
              0.92200          19.09842
              0.92400          19.41223
              0.92600          19.73196
              0.92800          20.05760
              0.93000          20.38915
              0.93200          20.72657
              0.93400          21.06982
              0.93600          21.41881
              0.93800          21.77345
              0.94000          22.13361
              0.94200          22.49913
              0.94400          22.86981
              0.94600          23.24541
              0.94800          23.62564
              0.95000          24.01015
              0.95200          24.39852
              0.95400          24.79024
              0.95600          25.18469
              0.95800          25.58116
              0.96000          25.97876
              0.96200          26.37650
              0.96400          26.77317
              0.96600          27.16741
              0.96800          27.55766
              0.97000          27.94215
              0.97200          28.31891
              0.97400          28.68580
              0.97600          29.04048
              0.97800          29.38045
              0.98000          29.70313
              0.98200          30.00582
              0.98400          30.28584
              0.98600          30.54050
              0.98800          30.76725
              0.99000          30.96368
              0.99200          31.12762
              0.99400          31.25720
              0.99600          31.35088
              0.99800          31.40756
              1.00000          31.42653
              1.00200          31.40756
              1.00400          31.35088
              1.00600          31.25720
              1.00800          31.12762
              1.01000          30.96368
              1.01200          30.76725
              1.01400          30.54050
              1.01600          30.28584
              1.01800          30.00582
              1.02000          29.70313
              1.02200          29.38045
              1.02400          29.04048
              1.02600          28.68580
              1.02800          28.31891
              1.03000          27.94215
              1.03200          27.55766
              1.03400          27.16741
              1.03600          26.77317
              1.03800          26.37650
              1.04000          25.97876
              1.04200          25.58116
              1.04400          25.18469
              1.04600          24.79024
              1.04800          24.39852
              1.05000          24.01015
              1.05200          23.62564
              1.05400          23.24541
              1.05600          22.86981
              1.05800          22.49913
              1.06000          22.13361
              1.06200          21.77345
              1.06400          21.41881
              1.06600          21.06982
              1.06800          20.72657
              1.07000          20.38915
              1.07200          20.05760
              1.07400          19.73196
              1.07600          19.41223
              1.07800          19.09842
              1.08000          18.79048
              1.08200          18.48838
              1.08400          18.19205
              1.08600          17.90142
              1.08800          17.61639
              1.09000          17.33687
              1.09200          17.06274
              1.09400          16.79388
              1.09600          16.53016
              1.09800          16.27144
              1.10000          16.01759
              1.10200          15.76847
              1.10400          15.52394
              1.10600          15.28385
              1.10800          15.04807
              1.11000          14.81646
              1.11200          14.58888
              1.11400          14.36521
              1.11600          14.14532
              1.11800          13.92910
              1.12000          13.71643
              1.12200          13.50721
              1.12400          13.30133
              1.12600          13.09869
              1.12800          12.89922
              1.13000          12.70282
              1.13200          12.50942
              1.13400          12.31895
              1.13600          12.13134
              1.13800          11.94653
              1.14000          11.76446
              1.14200          11.58507
              1.14400          11.40833
              1.14600          11.23418
              1.14800          11.06257
              1.15000          10.89348
              1.15200          10.72687
              1.15400          10.56269
              1.15600          10.40093
              1.15800          10.24154
              1.16000          10.08450
              1.16200           9.92978
              1.16400           9.77735
              1.16600           9.62719
              1.16800           9.47927
              1.17000           9.33357
              1.17200           9.19007
              1.17400           9.04874
              1.17600           8.90955
              1.17800           8.77249
              1.18000           8.63752
              1.18200           8.50463
              1.18400           8.37380
              1.18600           8.24499
              1.18800           8.11820
              1.19000           7.99338
              1.19200           7.87052
              1.19400           7.74959
              1.19600           7.63057
              1.19800           7.51344
              1.20000           7.39816
              1.20200           7.28472
              1.20400           7.17309
              1.20600           7.06324
              1.20800           6.95515
              1.21000           6.84879
              1.21200           6.74414
              1.21400           6.64117
              1.21600           6.53986
              1.21800           6.44018
              1.22000           6.34210
              1.22200           6.24560
              1.22400           6.15066
              1.22600           6.05724
              1.22800           5.96533
              1.23000           5.87489
              1.23200           5.78591
              1.23400           5.69836
              1.23600           5.61221
              1.23800           5.52744
              1.24000           5.44403
              1.24200           5.36195
              1.24400           5.28118
              1.24600           5.20170
              1.24800           5.12348
              1.25000           5.04650
              1.25200           4.97074
              1.25400           4.89618
              1.25600           4.82279
              1.25800           4.75056
              1.26000           4.67947
              1.26200           4.60948
              1.26400           4.54059
              1.26600           4.47278
              1.26800           4.40602
              1.27000           4.34030
              1.27200           4.27560
              1.27400           4.21189
              1.27600           4.14917
              1.27800           4.08742
              1.28000           4.02661
              1.28200           3.96674
              1.28400           3.90778
              1.28600           3.84972
              1.28800           3.79254
              1.29000           3.73624
              1.29200           3.68078
              1.29400           3.62617
              1.29600           3.57239
              1.29800           3.51941
              1.30000           3.46724
              1.30200           3.41585
              1.30400           3.36523
              1.30600           3.31537
              1.30800           3.26626
              1.31000           3.21788
              1.31200           3.17022
              1.31400           3.12328
              1.31600           3.07704
              1.31800           3.03149
              1.32000           2.98661
              1.32200           2.94241
              1.32400           2.89886
              1.32600           2.85595
              1.32800           2.81369
              1.33000           2.77205
              1.33200           2.73103
              1.33400           2.69062
              1.33600           2.65081
              1.33800           2.61159
              1.34000           2.57294
              1.34200           2.53488
              1.34400           2.49737
              1.34600           2.46043
              1.34800           2.42403
              1.35000           2.38817
              1.35200           2.35284
              1.35400           2.31803
              1.35600           2.28374
              1.35800           2.24996
              1.36000           2.21669
              1.36200           2.18390
              1.36400           2.15160
              1.36600           2.11979
              1.36800           2.08844
              1.37000           2.05756
              1.37200           2.02714
              1.37400           1.99718
              1.37600           1.96765
              1.37800           1.93857
              1.38000           1.90993
              1.38200           1.88171
              1.38400           1.85391
              1.38600           1.82652
              1.38800           1.79955
              1.39000           1.77297
              1.39200           1.74680
              1.39400           1.72101
              1.39600           1.69561
              1.39800           1.67060
              1.40000           1.64595
              1.40200           1.62168
              1.40400           1.59777
              1.40600           1.57421
              1.40800           1.55102
              1.41000           1.52816
              1.41200           1.50566
              1.41400           1.48349
              1.41600           1.46165
              1.41800           1.44014
              1.42000           1.41895
              1.42200           1.39809
              1.42400           1.37753
              1.42600           1.35729
              1.42800           1.33735
              1.43000           1.31771
              1.43200           1.29837
              1.43400           1.27931
              1.43600           1.26055
              1.43800           1.24206
              1.44000           1.22386
              1.44200           1.20593
              1.44400           1.18827
              1.44600           1.17087
              1.44800           1.15374
              1.45000           1.13686
              1.45200           1.12024
              1.45400           1.10387
              1.45600           1.08775
              1.45800           1.07187
              1.46000           1.05622
              1.46200           1.04082
              1.46400           1.02564
              1.46600           1.01069
              1.46800           0.99597
              1.47000           0.98147
              1.47200           0.96719
              1.47400           0.95312
              1.47600           0.93926
              1.47800           0.92561
              1.48000           0.91217
              1.48200           0.89893
              1.48400           0.88588
              1.48600           0.87304
              1.48800           0.86038
              1.49000           0.84792
              1.49200           0.83564
              1.49400           0.82354
              1.49600           0.81163
              1.49800           0.79989
              1.50000           0.78833
              1.50200           0.77695
              1.50400           0.76573
              1.50600           0.75468
              1.50800           0.74380
              1.51000           0.73308
              1.51200           0.72252
              1.51400           0.71211
              1.51600           0.70186
              1.51800           0.69177
              1.52000           0.68182
              1.52200           0.67202
              1.52400           0.66237
              1.52600           0.65286
              1.52800           0.64350
              1.53000           0.63427
              1.53200           0.62518
              1.53400           0.61622
              1.53600           0.60740
              1.53800           0.59871
              1.54000           0.59015
              1.54200           0.58171
              1.54400           0.57340
              1.54600           0.56521
              1.54800           0.55714
              1.55000           0.54920
              1.55200           0.54137
              1.55400           0.53365
              1.55600           0.52605
              1.55800           0.51857
              1.56000           0.51119
              1.56200           0.50392
              1.56400           0.49676
              1.56600           0.48971
              1.56800           0.48275
              1.57000           0.47591
              1.57200           0.46916
              1.57400           0.46251
              1.57600           0.45596
              1.57800           0.44951
              1.58000           0.44315
              1.58200           0.43688
              1.58400           0.43071
              1.58600           0.42463
              1.58800           0.41864
              1.59000           0.41273
              1.59200           0.40692
              1.59400           0.40119
              1.59600           0.39554
              1.59800           0.38997
              1.60000           0.38449
              1.60200           0.37909
              1.60400           0.37377
              1.60600           0.36852
              1.60800           0.36336
              1.61000           0.35826
              1.61200           0.35325
              1.61400           0.34831
              1.61600           0.34344
              1.61800           0.33864
              1.62000           0.33391
              1.62200           0.32925
              1.62400           0.32466
              1.62600           0.32014
              1.62800           0.31568
              1.63000           0.31129
              1.63200           0.30697
              1.63400           0.30271
              1.63600           0.29851
              1.63800           0.29437
              1.64000           0.29029
              1.64200           0.28628
              1.64400           0.28232
              1.64600           0.27842
              1.64800           0.27458
              1.65000           0.27079
              1.65200           0.26707
              1.65400           0.26339
              1.65600           0.25977
              1.65800           0.25620
              1.66000           0.25269
              1.66200           0.24923
              1.66400           0.24582
              1.66600           0.24246
              1.66800           0.23914
              1.67000           0.23588
              1.67200           0.23267
              1.67400           0.22950
              1.67600           0.22638
              1.67800           0.22331
              1.68000           0.22028
              1.68200           0.21730
              1.68400           0.21436
              1.68600           0.21146
              1.68800           0.20861
              1.69000           0.20580
              1.69200           0.20303
              1.69400           0.20031
              1.69600           0.19762
              1.69800           0.19497
              1.70000           0.19237
              1.70200           0.18980
              1.70400           0.18727
              1.70600           0.18478
              1.70800           0.18232
              1.71000           0.17990
              1.71200           0.17752
              1.71400           0.17517
              1.71600           0.17286
              1.71800           0.17058
              1.72000           0.16834
              1.72200           0.16613
              1.72400           0.16395
              1.72600           0.16181
              1.72800           0.15969
              1.73000           0.15761
              1.73200           0.15556
              1.73400           0.15355
              1.73600           0.15156
              1.73800           0.14960
              1.74000           0.14767
              1.74200           0.14577
              1.74400           0.14390
              1.74600           0.14206
              1.74800           0.14024
              1.75000           0.13845
              1.75200           0.13669
              1.75400           0.13496
              1.75600           0.13325
              1.75800           0.13156
              1.76000           0.12991
              1.76200           0.12828
              1.76400           0.12667
              1.76600           0.12508
              1.76800           0.12353
              1.77000           0.12199
              1.77200           0.12048
              1.77400           0.11899
              1.77600           0.11752
              1.77800           0.11608
              1.78000           0.11466
              1.78200           0.11325
              1.78400           0.11187
              1.78600           0.11052
              1.78800           0.10918
              1.79000           0.10786
              1.79200           0.10656
              1.79400           0.10529
              1.79600           0.10403
              1.79800           0.10279
              1.80000           0.10157
              1.80200           0.10037
              1.80400           0.09919
              1.80600           0.09802
              1.80800           0.09687
              1.81000           0.09574
              1.81200           0.09463
              1.81400           0.09354
              1.81600           0.09246
              1.81800           0.09140
              1.82000           0.09035
              1.82200           0.08932
              1.82400           0.08831
              1.82600           0.08731
              1.82800           0.08633
              1.83000           0.08536
              1.83200           0.08441
              1.83400           0.08347
              1.83600           0.08255
              1.83800           0.08164
              1.84000           0.08075
              1.84200           0.07986
              1.84400           0.07900
              1.84600           0.07814
              1.84800           0.07730
              1.85000           0.07647
              1.85200           0.07566
              1.85400           0.07486
              1.85600           0.07407
              1.85800           0.07329
              1.86000           0.07252
              1.86200           0.07177
              1.86400           0.07103
              1.86600           0.07030
              1.86800           0.06958
              1.87000           0.06887
              1.87200           0.06817
              1.87400           0.06749
              1.87600           0.06681
              1.87800           0.06615
              1.88000           0.06549
              1.88200           0.06485
              1.88400           0.06421
              1.88600           0.06359
              1.88800           0.06297
              1.89000           0.06237
              1.89200           0.06177
              1.89400           0.06119
              1.89600           0.06061
              1.89800           0.06004
              1.90000           0.05948
              1.90200           0.05893
              1.90400           0.05839
              1.90600           0.05786
              1.90800           0.05733
              1.91000           0.05682
              1.91200           0.05631
              1.91400           0.05581
              1.91600           0.05531
              1.91800           0.05483
              1.92000           0.05435
              1.92200           0.05388
              1.92400           0.05342
              1.92600           0.05296
              1.92800           0.05251
              1.93000           0.05207
              1.93200           0.05164
              1.93400           0.05121
              1.93600           0.05079
              1.93800           0.05038
              1.94000           0.04997
              1.94200           0.04957
              1.94400           0.04917
              1.94600           0.04879
              1.94800           0.04840
              1.95000           0.04803
              1.95200           0.04766
              1.95400           0.04729
              1.95600           0.04693
              1.95800           0.04658
              1.96000           0.04623
              1.96200           0.04589
              1.96400           0.04555
              1.96600           0.04522
              1.96800           0.04490
              1.97000           0.04457
              1.97200           0.04426
              1.97400           0.04395
              1.97600           0.04364
              1.97800           0.04334
              1.98000           0.04304
              1.98200           0.04275
              1.98400           0.04246
              1.98600           0.04218
              1.98800           0.04190
              1.99000           0.04163
              1.99200           0.04136
              1.99400           0.04109
              1.99600           0.04083
              1.99800           0.04058
              2.00000           0.04032
