
 ****************************************INPUT****************************************

 atom      charge  coordinates

 He  1     2.00    0.0000  0.0000  0.0000

 *************************************END*OF*INPUT************************************

 calculating nuclear repulsion energy...   done
 setting up STO-6G basis             ...   done
 calculating one electron integrals  ...   done
 calculating two electron integrals  ...   done
 calculating transformation matrix   ...   done

 Beginning SCF-procedure:
 ************************

 iteration     total energy     electronic energy     change in energy
   1            -2.75256545           -2.75256545          -2.75256545
   2            -2.85884664           -2.85884664          -0.10628119
   3            -2.86021558           -2.86021558          -0.00136895
   4            -2.86025017           -2.86025017          -0.00003458
   5            -2.86025137           -2.86025137          -0.00000120

 Final single point energy:           -2.86025137  Hartree

 Components:
 Nuclear Repulsion:          0.00000000  Hartree
 Electronic Energy:         -2.86025137  Hartree
         HF Energy:         -2.86025137  Hartree

 Mullikan atomic population analysis:
 ************************************

 number of electrons entered:      2
 number of electrons found:        2.00000

 Atom     partial charge
 He  1     0.00000

 Electron density along specified path:
 **************************************

 distance from origin  electron density
              0.00000           0.09834
              0.00200           0.09900
              0.00400           0.09965
              0.00600           0.10032
              0.00800           0.10098
              0.01000           0.10165
              0.01200           0.10233
              0.01400           0.10301
              0.01600           0.10370
              0.01800           0.10439
              0.02000           0.10508
              0.02200           0.10579
              0.02400           0.10649
              0.02600           0.10720
              0.02800           0.10792
              0.03000           0.10864
              0.03200           0.10936
              0.03400           0.11009
              0.03600           0.11083
              0.03800           0.11157
              0.04000           0.11231
              0.04200           0.11307
              0.04400           0.11382
              0.04600           0.11458
              0.04800           0.11535
              0.05000           0.11612
              0.05200           0.11690
              0.05400           0.11768
              0.05600           0.11847
              0.05800           0.11927
              0.06000           0.12007
              0.06200           0.12087
              0.06400           0.12168
              0.06600           0.12250
              0.06800           0.12332
              0.07000           0.12415
              0.07200           0.12499
              0.07400           0.12583
              0.07600           0.12667
              0.07800           0.12752
              0.08000           0.12838
              0.08200           0.12925
              0.08400           0.13012
              0.08600           0.13099
              0.08800           0.13187
              0.09000           0.13276
              0.09200           0.13366
              0.09400           0.13456
              0.09600           0.13547
              0.09800           0.13638
              0.10000           0.13730
              0.10200           0.13823
              0.10400           0.13916
              0.10600           0.14010
              0.10800           0.14105
              0.11000           0.14200
              0.11200           0.14296
              0.11400           0.14393
              0.11600           0.14490
              0.11800           0.14588
              0.12000           0.14687
              0.12200           0.14786
              0.12400           0.14887
              0.12600           0.14987
              0.12800           0.15089
              0.13000           0.15191
              0.13200           0.15294
              0.13400           0.15398
              0.13600           0.15502
              0.13800           0.15608
              0.14000           0.15714
              0.14200           0.15820
              0.14400           0.15928
              0.14600           0.16036
              0.14800           0.16145
              0.15000           0.16255
              0.15200           0.16365
              0.15400           0.16477
              0.15600           0.16589
              0.15800           0.16702
              0.16000           0.16815
              0.16200           0.16930
              0.16400           0.17045
              0.16600           0.17161
              0.16800           0.17278
              0.17000           0.17396
              0.17200           0.17515
              0.17400           0.17634
              0.17600           0.17754
              0.17800           0.17876
              0.18000           0.17998
              0.18200           0.18121
              0.18400           0.18244
              0.18600           0.18369
              0.18800           0.18495
              0.19000           0.18621
              0.19200           0.18748
              0.19400           0.18877
              0.19600           0.19006
              0.19800           0.19136
              0.20000           0.19267
              0.20200           0.19399
              0.20400           0.19532
              0.20600           0.19665
              0.20800           0.19800
              0.21000           0.19936
              0.21200           0.20073
              0.21400           0.20210
              0.21600           0.20349
              0.21800           0.20489
              0.22000           0.20629
              0.22200           0.20771
              0.22400           0.20913
              0.22600           0.21057
              0.22800           0.21202
              0.23000           0.21348
              0.23200           0.21494
              0.23400           0.21642
              0.23600           0.21791
              0.23800           0.21941
              0.24000           0.22092
              0.24200           0.22244
              0.24400           0.22397
              0.24600           0.22551
              0.24800           0.22707
              0.25000           0.22863
              0.25200           0.23021
              0.25400           0.23180
              0.25600           0.23340
              0.25800           0.23501
              0.26000           0.23663
              0.26200           0.23826
              0.26400           0.23991
              0.26600           0.24156
              0.26800           0.24323
              0.27000           0.24491
              0.27200           0.24661
              0.27400           0.24831
              0.27600           0.25003
              0.27800           0.25176
              0.28000           0.25350
              0.28200           0.25525
              0.28400           0.25702
              0.28600           0.25880
              0.28800           0.26059
              0.29000           0.26240
              0.29200           0.26422
              0.29400           0.26605
              0.29600           0.26790
              0.29800           0.26975
              0.30000           0.27163
              0.30200           0.27351
              0.30400           0.27541
              0.30600           0.27732
              0.30800           0.27925
              0.31000           0.28119
              0.31200           0.28314
              0.31400           0.28511
              0.31600           0.28709
              0.31800           0.28909
              0.32000           0.29110
              0.32200           0.29313
              0.32400           0.29517
              0.32600           0.29723
              0.32800           0.29930
              0.33000           0.30138
              0.33200           0.30348
              0.33400           0.30560
              0.33600           0.30773
              0.33800           0.30988
              0.34000           0.31204
              0.34200           0.31422
              0.34400           0.31641
              0.34600           0.31862
              0.34800           0.32085
              0.35000           0.32309
              0.35200           0.32535
              0.35400           0.32762
              0.35600           0.32991
              0.35800           0.33222
              0.36000           0.33455
              0.36200           0.33689
              0.36400           0.33925
              0.36600           0.34163
              0.36800           0.34402
              0.37000           0.34643
              0.37200           0.34886
              0.37400           0.35131
              0.37600           0.35377
              0.37800           0.35626
              0.38000           0.35876
              0.38200           0.36128
              0.38400           0.36382
              0.38600           0.36637
              0.38800           0.36895
              0.39000           0.37154
              0.39200           0.37416
              0.39400           0.37679
              0.39600           0.37944
              0.39800           0.38211
              0.40000           0.38480
              0.40200           0.38751
              0.40400           0.39025
              0.40600           0.39300
              0.40800           0.39577
              0.41000           0.39856
              0.41200           0.40137
              0.41400           0.40421
              0.41600           0.40706
              0.41800           0.40994
              0.42000           0.41283
              0.42200           0.41575
              0.42400           0.41869
              0.42600           0.42165
              0.42800           0.42463
              0.43000           0.42764
              0.43200           0.43067
              0.43400           0.43372
              0.43600           0.43679
              0.43800           0.43989
              0.44000           0.44300
              0.44200           0.44615
              0.44400           0.44931
              0.44600           0.45250
              0.44800           0.45571
              0.45000           0.45895
              0.45200           0.46221
              0.45400           0.46549
              0.45600           0.46880
              0.45800           0.47213
              0.46000           0.47549
              0.46200           0.47887
              0.46400           0.48228
              0.46600           0.48572
              0.46800           0.48917
              0.47000           0.49266
              0.47200           0.49617
              0.47400           0.49971
              0.47600           0.50327
              0.47800           0.50686
              0.48000           0.51048
              0.48200           0.51412
              0.48400           0.51779
              0.48600           0.52149
              0.48800           0.52522
              0.49000           0.52897
              0.49200           0.53275
              0.49400           0.53656
              0.49600           0.54040
              0.49800           0.54427
              0.50000           0.54816
              0.50200           0.55209
              0.50400           0.55604
              0.50600           0.56003
              0.50800           0.56404
              0.51000           0.56808
              0.51200           0.57216
              0.51400           0.57626
              0.51600           0.58040
              0.51800           0.58456
              0.52000           0.58876
              0.52200           0.59299
              0.52400           0.59725
              0.52600           0.60154
              0.52800           0.60587
              0.53000           0.61022
              0.53200           0.61461
              0.53400           0.61904
              0.53600           0.62349
              0.53800           0.62798
              0.54000           0.63250
              0.54200           0.63706
              0.54400           0.64165
              0.54600           0.64627
              0.54800           0.65093
              0.55000           0.65563
              0.55200           0.66036
              0.55400           0.66512
              0.55600           0.66992
              0.55800           0.67476
              0.56000           0.67964
              0.56200           0.68455
              0.56400           0.68949
              0.56600           0.69448
              0.56800           0.69950
              0.57000           0.70456
              0.57200           0.70966
              0.57400           0.71479
              0.57600           0.71997
              0.57800           0.72518
              0.58000           0.73043
              0.58200           0.73573
              0.58400           0.74106
              0.58600           0.74643
              0.58800           0.75184
              0.59000           0.75730
              0.59200           0.76279
              0.59400           0.76833
              0.59600           0.77391
              0.59800           0.77953
              0.60000           0.78519
              0.60200           0.79089
              0.60400           0.79664
              0.60600           0.80244
              0.60800           0.80827
              0.61000           0.81415
              0.61200           0.82008
              0.61400           0.82605
              0.61600           0.83206
              0.61800           0.83812
              0.62000           0.84423
              0.62200           0.85038
              0.62400           0.85658
              0.62600           0.86283
              0.62800           0.86912
              0.63000           0.87546
              0.63200           0.88185
              0.63400           0.88829
              0.63600           0.89478
              0.63800           0.90131
              0.64000           0.90790
              0.64200           0.91454
              0.64400           0.92122
              0.64600           0.92796
              0.64800           0.93475
              0.65000           0.94159
              0.65200           0.94849
              0.65400           0.95543
              0.65600           0.96243
              0.65800           0.96949
              0.66000           0.97659
              0.66200           0.98376
              0.66400           0.99097
              0.66600           0.99824
              0.66800           1.00557
              0.67000           1.01295
              0.67200           1.02039
              0.67400           1.02789
              0.67600           1.03545
              0.67800           1.04306
              0.68000           1.05073
              0.68200           1.05846
              0.68400           1.06625
              0.68600           1.07410
              0.68800           1.08201
              0.69000           1.08998
              0.69200           1.09801
              0.69400           1.10611
              0.69600           1.11426
              0.69800           1.12248
              0.70000           1.13076
              0.70200           1.13911
              0.70400           1.14752
              0.70600           1.15600
              0.70800           1.16454
              0.71000           1.17315
              0.71200           1.18182
              0.71400           1.19056
              0.71600           1.19937
              0.71800           1.20825
              0.72000           1.21719
              0.72200           1.22621
              0.72400           1.23529
              0.72600           1.24445
              0.72800           1.25368
              0.73000           1.26297
              0.73200           1.27234
              0.73400           1.28179
              0.73600           1.29130
              0.73800           1.30089
              0.74000           1.31056
              0.74200           1.32030
              0.74400           1.33011
              0.74600           1.34000
              0.74800           1.34997
              0.75000           1.36002
              0.75200           1.37014
              0.75400           1.38034
              0.75600           1.39063
              0.75800           1.40099
              0.76000           1.41143
              0.76200           1.42196
              0.76400           1.43256
              0.76600           1.44325
              0.76800           1.45402
              0.77000           1.46488
              0.77200           1.47582
              0.77400           1.48685
              0.77600           1.49796
              0.77800           1.50916
              0.78000           1.52044
              0.78200           1.53182
              0.78400           1.54328
              0.78600           1.55484
              0.78800           1.56648
              0.79000           1.57822
              0.79200           1.59004
              0.79400           1.60196
              0.79600           1.61398
              0.79800           1.62608
              0.80000           1.63829
              0.80200           1.65059
              0.80400           1.66299
              0.80600           1.67548
              0.80800           1.68808
              0.81000           1.70077
              0.81200           1.71357
              0.81400           1.72647
              0.81600           1.73947
              0.81800           1.75258
              0.82000           1.76579
              0.82200           1.77911
              0.82400           1.79254
              0.82600           1.80607
              0.82800           1.81972
              0.83000           1.83348
              0.83200           1.84736
              0.83400           1.86135
              0.83600           1.87546
              0.83800           1.88968
              0.84000           1.90403
              0.84200           1.91849
              0.84400           1.93308
              0.84600           1.94780
              0.84800           1.96264
              0.85000           1.97760
              0.85200           1.99270
              0.85400           2.00793
              0.85600           2.02329
              0.85800           2.03878
              0.86000           2.05441
              0.86200           2.07018
              0.86400           2.08609
              0.86600           2.10213
              0.86800           2.11831
              0.87000           2.13464
              0.87200           2.15110
              0.87400           2.16771
              0.87600           2.18446
              0.87800           2.20135
              0.88000           2.21838
              0.88200           2.23555
              0.88400           2.25286
              0.88600           2.27031
              0.88800           2.28789
              0.89000           2.30560
              0.89200           2.32344
              0.89400           2.34141
              0.89600           2.35950
              0.89800           2.37770
              0.90000           2.39602
              0.90200           2.41443
              0.90400           2.43295
              0.90600           2.45155
              0.90800           2.47022
              0.91000           2.48897
              0.91200           2.50778
              0.91400           2.52663
              0.91600           2.54552
              0.91800           2.56442
              0.92000           2.58333
              0.92200           2.60223
              0.92400           2.62111
              0.92600           2.63994
              0.92800           2.65870
              0.93000           2.67739
              0.93200           2.69597
              0.93400           2.71442
              0.93600           2.73273
              0.93800           2.75086
              0.94000           2.76880
              0.94200           2.78652
              0.94400           2.80399
              0.94600           2.82119
              0.94800           2.83810
              0.95000           2.85467
              0.95200           2.87089
              0.95400           2.88673
              0.95600           2.90216
              0.95800           2.91715
              0.96000           2.93167
              0.96200           2.94570
              0.96400           2.95920
              0.96600           2.97216
              0.96800           2.98453
              0.97000           2.99631
              0.97200           3.00746
              0.97400           3.01795
              0.97600           3.02777
              0.97800           3.03689
              0.98000           3.04529
              0.98200           3.05295
              0.98400           3.05986
              0.98600           3.06600
              0.98800           3.07134
              0.99000           3.07589
              0.99200           3.07962
              0.99400           3.08254
              0.99600           3.08462
              0.99800           3.08588
              1.00000           3.08630
              1.00200           3.08588
              1.00400           3.08462
              1.00600           3.08254
              1.00800           3.07962
              1.01000           3.07589
              1.01200           3.07134
              1.01400           3.06600
              1.01600           3.05986
              1.01800           3.05295
              1.02000           3.04529
              1.02200           3.03689
              1.02400           3.02777
              1.02600           3.01795
              1.02800           3.00746
              1.03000           2.99631
              1.03200           2.98453
              1.03400           2.97216
              1.03600           2.95920
              1.03800           2.94570
              1.04000           2.93167
              1.04200           2.91715
              1.04400           2.90216
              1.04600           2.88673
              1.04800           2.87089
              1.05000           2.85467
              1.05200           2.83810
              1.05400           2.82119
              1.05600           2.80399
              1.05800           2.78652
              1.06000           2.76880
              1.06200           2.75086
              1.06400           2.73273
              1.06600           2.71442
              1.06800           2.69597
              1.07000           2.67739
              1.07200           2.65870
              1.07400           2.63994
              1.07600           2.62111
              1.07800           2.60223
              1.08000           2.58333
              1.08200           2.56442
              1.08400           2.54552
              1.08600           2.52663
              1.08800           2.50778
              1.09000           2.48897
              1.09200           2.47022
              1.09400           2.45155
              1.09600           2.43295
              1.09800           2.41443
              1.10000           2.39602
              1.10200           2.37770
              1.10400           2.35950
              1.10600           2.34141
              1.10800           2.32344
              1.11000           2.30560
              1.11200           2.28789
              1.11400           2.27031
              1.11600           2.25286
              1.11800           2.23555
              1.12000           2.21838
              1.12200           2.20135
              1.12400           2.18446
              1.12600           2.16771
              1.12800           2.15110
              1.13000           2.13464
              1.13200           2.11831
              1.13400           2.10213
              1.13600           2.08609
              1.13800           2.07018
              1.14000           2.05441
              1.14200           2.03878
              1.14400           2.02329
              1.14600           2.00793
              1.14800           1.99270
              1.15000           1.97760
              1.15200           1.96264
              1.15400           1.94780
              1.15600           1.93308
              1.15800           1.91849
              1.16000           1.90403
              1.16200           1.88968
              1.16400           1.87546
              1.16600           1.86135
              1.16800           1.84736
              1.17000           1.83348
              1.17200           1.81972
              1.17400           1.80607
              1.17600           1.79254
              1.17800           1.77911
              1.18000           1.76579
              1.18200           1.75258
              1.18400           1.73947
              1.18600           1.72647
              1.18800           1.71357
              1.19000           1.70077
              1.19200           1.68808
              1.19400           1.67548
              1.19600           1.66299
              1.19800           1.65059
              1.20000           1.63829
              1.20200           1.62608
              1.20400           1.61398
              1.20600           1.60196
              1.20800           1.59004
              1.21000           1.57822
              1.21200           1.56648
              1.21400           1.55484
              1.21600           1.54328
              1.21800           1.53182
              1.22000           1.52044
              1.22200           1.50916
              1.22400           1.49796
              1.22600           1.48685
              1.22800           1.47582
              1.23000           1.46488
              1.23200           1.45402
              1.23400           1.44325
              1.23600           1.43256
              1.23800           1.42196
              1.24000           1.41143
              1.24200           1.40099
              1.24400           1.39063
              1.24600           1.38034
              1.24800           1.37014
              1.25000           1.36002
              1.25200           1.34997
              1.25400           1.34000
              1.25600           1.33011
              1.25800           1.32030
              1.26000           1.31056
              1.26200           1.30089
              1.26400           1.29130
              1.26600           1.28179
              1.26800           1.27234
              1.27000           1.26297
              1.27200           1.25368
              1.27400           1.24445
              1.27600           1.23529
              1.27800           1.22621
              1.28000           1.21719
              1.28200           1.20825
              1.28400           1.19937
              1.28600           1.19056
              1.28800           1.18182
              1.29000           1.17315
              1.29200           1.16454
              1.29400           1.15600
              1.29600           1.14752
              1.29800           1.13911
              1.30000           1.13076
              1.30200           1.12248
              1.30400           1.11426
              1.30600           1.10611
              1.30800           1.09801
              1.31000           1.08998
              1.31200           1.08201
              1.31400           1.07410
              1.31600           1.06625
              1.31800           1.05846
              1.32000           1.05073
              1.32200           1.04306
              1.32400           1.03545
              1.32600           1.02789
              1.32800           1.02039
              1.33000           1.01295
              1.33200           1.00557
              1.33400           0.99824
              1.33600           0.99097
              1.33800           0.98376
              1.34000           0.97659
              1.34200           0.96949
              1.34400           0.96243
              1.34600           0.95543
              1.34800           0.94849
              1.35000           0.94159
              1.35200           0.93475
              1.35400           0.92796
              1.35600           0.92122
              1.35800           0.91454
              1.36000           0.90790
              1.36200           0.90131
              1.36400           0.89478
              1.36600           0.88829
              1.36800           0.88185
              1.37000           0.87546
              1.37200           0.86912
              1.37400           0.86283
              1.37600           0.85658
              1.37800           0.85038
              1.38000           0.84423
              1.38200           0.83812
              1.38400           0.83206
              1.38600           0.82605
              1.38800           0.82008
              1.39000           0.81415
              1.39200           0.80827
              1.39400           0.80244
              1.39600           0.79664
              1.39800           0.79089
              1.40000           0.78519
              1.40200           0.77953
              1.40400           0.77391
              1.40600           0.76833
              1.40800           0.76279
              1.41000           0.75730
              1.41200           0.75184
              1.41400           0.74643
              1.41600           0.74106
              1.41800           0.73573
              1.42000           0.73043
              1.42200           0.72518
              1.42400           0.71997
              1.42600           0.71479
              1.42800           0.70966
              1.43000           0.70456
              1.43200           0.69950
              1.43400           0.69448
              1.43600           0.68949
              1.43800           0.68455
              1.44000           0.67964
              1.44200           0.67476
              1.44400           0.66992
              1.44600           0.66512
              1.44800           0.66036
              1.45000           0.65563
              1.45200           0.65093
              1.45400           0.64627
              1.45600           0.64165
              1.45800           0.63706
              1.46000           0.63250
              1.46200           0.62798
              1.46400           0.62349
              1.46600           0.61904
              1.46800           0.61461
              1.47000           0.61022
              1.47200           0.60587
              1.47400           0.60154
              1.47600           0.59725
              1.47800           0.59299
              1.48000           0.58876
              1.48200           0.58456
              1.48400           0.58040
              1.48600           0.57626
              1.48800           0.57216
              1.49000           0.56808
              1.49200           0.56404
              1.49400           0.56003
              1.49600           0.55604
              1.49800           0.55209
              1.50000           0.54816
              1.50200           0.54427
              1.50400           0.54040
              1.50600           0.53656
              1.50800           0.53275
              1.51000           0.52897
              1.51200           0.52522
              1.51400           0.52149
              1.51600           0.51779
              1.51800           0.51412
              1.52000           0.51048
              1.52200           0.50686
              1.52400           0.50327
              1.52600           0.49971
              1.52800           0.49617
              1.53000           0.49266
              1.53200           0.48917
              1.53400           0.48572
              1.53600           0.48228
              1.53800           0.47887
              1.54000           0.47549
              1.54200           0.47213
              1.54400           0.46880
              1.54600           0.46549
              1.54800           0.46221
              1.55000           0.45895
              1.55200           0.45571
              1.55400           0.45250
              1.55600           0.44931
              1.55800           0.44615
              1.56000           0.44300
              1.56200           0.43989
              1.56400           0.43679
              1.56600           0.43372
              1.56800           0.43067
              1.57000           0.42764
              1.57200           0.42463
              1.57400           0.42165
              1.57600           0.41869
              1.57800           0.41575
              1.58000           0.41283
              1.58200           0.40994
              1.58400           0.40706
              1.58600           0.40421
              1.58800           0.40137
              1.59000           0.39856
              1.59200           0.39577
              1.59400           0.39300
              1.59600           0.39025
              1.59800           0.38751
              1.60000           0.38480
              1.60200           0.38211
              1.60400           0.37944
              1.60600           0.37679
              1.60800           0.37416
              1.61000           0.37154
              1.61200           0.36895
              1.61400           0.36637
              1.61600           0.36382
              1.61800           0.36128
              1.62000           0.35876
              1.62200           0.35626
              1.62400           0.35377
              1.62600           0.35131
              1.62800           0.34886
              1.63000           0.34643
              1.63200           0.34402
              1.63400           0.34163
              1.63600           0.33925
              1.63800           0.33689
              1.64000           0.33455
              1.64200           0.33222
              1.64400           0.32991
              1.64600           0.32762
              1.64800           0.32535
              1.65000           0.32309
              1.65200           0.32085
              1.65400           0.31862
              1.65600           0.31641
              1.65800           0.31422
              1.66000           0.31204
              1.66200           0.30988
              1.66400           0.30773
              1.66600           0.30560
              1.66800           0.30348
              1.67000           0.30138
              1.67200           0.29930
              1.67400           0.29723
              1.67600           0.29517
              1.67800           0.29313
              1.68000           0.29110
              1.68200           0.28909
              1.68400           0.28709
              1.68600           0.28511
              1.68800           0.28314
              1.69000           0.28119
              1.69200           0.27925
              1.69400           0.27732
              1.69600           0.27541
              1.69800           0.27351
              1.70000           0.27163
              1.70200           0.26975
              1.70400           0.26790
              1.70600           0.26605
              1.70800           0.26422
              1.71000           0.26240
              1.71200           0.26059
              1.71400           0.25880
              1.71600           0.25702
              1.71800           0.25525
              1.72000           0.25350
              1.72200           0.25176
              1.72400           0.25003
              1.72600           0.24831
              1.72800           0.24661
              1.73000           0.24491
              1.73200           0.24323
              1.73400           0.24156
              1.73600           0.23991
              1.73800           0.23826
              1.74000           0.23663
              1.74200           0.23501
              1.74400           0.23340
              1.74600           0.23180
              1.74800           0.23021
              1.75000           0.22863
              1.75200           0.22707
              1.75400           0.22551
              1.75600           0.22397
              1.75800           0.22244
              1.76000           0.22092
              1.76200           0.21941
              1.76400           0.21791
              1.76600           0.21642
              1.76800           0.21494
              1.77000           0.21348
              1.77200           0.21202
              1.77400           0.21057
              1.77600           0.20913
              1.77800           0.20771
              1.78000           0.20629
              1.78200           0.20489
              1.78400           0.20349
              1.78600           0.20210
              1.78800           0.20073
              1.79000           0.19936
              1.79200           0.19800
              1.79400           0.19665
              1.79600           0.19532
              1.79800           0.19399
              1.80000           0.19267
              1.80200           0.19136
              1.80400           0.19006
              1.80600           0.18877
              1.80800           0.18748
              1.81000           0.18621
              1.81200           0.18495
              1.81400           0.18369
              1.81600           0.18244
              1.81800           0.18121
              1.82000           0.17998
              1.82200           0.17876
              1.82400           0.17754
              1.82600           0.17634
              1.82800           0.17515
              1.83000           0.17396
              1.83200           0.17278
              1.83400           0.17161
              1.83600           0.17045
              1.83800           0.16930
              1.84000           0.16815
              1.84200           0.16702
              1.84400           0.16589
              1.84600           0.16477
              1.84800           0.16365
              1.85000           0.16255
              1.85200           0.16145
              1.85400           0.16036
              1.85600           0.15928
              1.85800           0.15820
              1.86000           0.15714
              1.86200           0.15608
              1.86400           0.15502
              1.86600           0.15398
              1.86800           0.15294
              1.87000           0.15191
              1.87200           0.15089
              1.87400           0.14987
              1.87600           0.14887
              1.87800           0.14786
              1.88000           0.14687
              1.88200           0.14588
              1.88400           0.14490
              1.88600           0.14393
              1.88800           0.14296
              1.89000           0.14200
              1.89200           0.14105
              1.89400           0.14010
              1.89600           0.13916
              1.89800           0.13823
              1.90000           0.13730
              1.90200           0.13638
              1.90400           0.13547
              1.90600           0.13456
              1.90800           0.13366
              1.91000           0.13276
              1.91200           0.13187
              1.91400           0.13099
              1.91600           0.13012
              1.91800           0.12925
              1.92000           0.12838
              1.92200           0.12752
              1.92400           0.12667
              1.92600           0.12583
              1.92800           0.12499
              1.93000           0.12415
              1.93200           0.12332
              1.93400           0.12250
              1.93600           0.12168
              1.93800           0.12087
              1.94000           0.12007
              1.94200           0.11927
              1.94400           0.11847
              1.94600           0.11768
              1.94800           0.11690
              1.95000           0.11612
              1.95200           0.11535
              1.95400           0.11458
              1.95600           0.11382
              1.95800           0.11307
              1.96000           0.11231
              1.96200           0.11157
              1.96400           0.11083
              1.96600           0.11009
              1.96800           0.10936
              1.97000           0.10864
              1.97200           0.10792
              1.97400           0.10720
              1.97600           0.10649
              1.97800           0.10579
              1.98000           0.10508
              1.98200           0.10439
              1.98400           0.10370
              1.98600           0.10301
              1.98800           0.10233
              1.99000           0.10165
              1.99200           0.10098
              1.99400           0.10032
              1.99600           0.09965
              1.99800           0.09900
              2.00000           0.09834
